<?xml version="1.0" encoding="UTF-8"?>
<!-- Generated by org.testng.reporters.JUnitReportReporter -->
<testsuite name="com.qmetry.qaf.automation.step.client.Scenario" tests="1" time="1.071" ignored="0" failures="0" timestamp="04 Aug 2017 13:32:46 GMT" skipped="1" hostname="ICPL11493" errors="0">
  <testcase name="SampleTest" time="1.071" classname="com.qmetry.qaf.automation.step.client.Scenario">
    <skipped/>
  </testcase> <!-- SampleTest -->
</testsuite> <!-- com.qmetry.qaf.automation.step.client.Scenario -->
