<?xml version="1.0" encoding="UTF-8"?>
<!-- Generated by org.testng.reporters.JUnitReportReporter -->
<testsuite name="com.qmetry.qaf.automation.step.client.Scenario" tests="1" time="23.357" ignored="0" failures="0" timestamp="07 Aug 2017 07:46:53 GMT" skipped="0" hostname="ICPL11493" errors="1">
  <testcase name="SampleTest" time="23.357" classname="com.qmetry.qaf.automation.step.client.Scenario">
    <error type="org.openqa.selenium.WebDriverException" message="Failed to execute command application.element set: setElementValue command failed. Reason: handset server: element not found
Command duration or timeout: 3.58 seconds
Build info: version: &#039;2.53.0&#039;, revision: &#039;35ae25b1534ae328c771e0856c93e187490ca824&#039;, time: &#039;2016-03-15 10:43:46&#039;
System info: host: &#039;ICPL11493&#039;, ip: &#039;10.11.31.109&#039;, os.name: &#039;Windows 8&#039;, os.arch: &#039;amd64&#039;, os.version: &#039;6.2&#039;, java.version: &#039;1.8.0_111&#039;
Driver info: com.qmetry.qaf.automation.ui.webdriver.QAFExtendedWebDriver
Capabilities [{appPackage=com.amazon.mShop.android, reportPdfUrl=https://partners.reporting.perfectomobile.com/export/api/v1/test-executions/pdf?externalId[0]=is_user2@infostretch.com_RemoteWebDriver_17-08-07_07_46_08_6586&amp;_timestamp[0]=1502091968743, deviceName=632E9899, platform=ANY, password=, driverClass=io.appium.java_client.android.AndroidDriver, automationName=Appium, host=partners.perfectomobile.com, singleTestReportUrl=https://partners.reporting.perfectomobile.com?externalId[0]=is_user2@infostretch.com_RemoteWebDriver_17-08-07_07_46_08_6586&amp;_timestamp[0]=1502091968743, takesScreenshot=true, javascriptEnabled=true, platformName=Android, applicationName=Amazon, rotatable=true, testGridReportUrl=https://partners.reporting.perfectomobile.com?externalId[0]=is_user2@infostretch.com_RemoteWebDriver_17-08-07_07_46_08_6586&amp;_timestamp[0]=1502091968743, entityType=appium_driver, serverConnector=, securityToken=, executionId=is_user2@infostretch.com_RemoteWebDriver_17-08-07_07_46_08_6586, webdriver.remote.sessionid=ccbb9c7f-0ec6-48e2-8372-75b15743e629, autoLaunch=true, locationContextEnabled=true, scriptName=RemoteWebDriver, reportKey=is_user2@infostretch.com_RemoteWebDriver_17-08-07_07_46_08_6586, windTunnelReportUrl=https://partners.reporting.perfectomobile.com?externalId[0]=is_user2@infostretch.com_RemoteWebDriver_17-08-07_07_46_08_6586&amp;_timestamp[0]=1502091968743, user=, cssSelectorsEnabled=true, autoAcceptAlerts=true}]
Session ID: ccbb9c7f-0ec6-48e2-8372-75b15743e629">
      <![CDATA[org.openqa.selenium.WebDriverException: Failed to execute command application.element set: setElementValue command failed. Reason: handset server: element not found
Command duration or timeout: 3.58 seconds
Build info: version: '2.53.0', revision: '35ae25b1534ae328c771e0856c93e187490ca824', time: '2016-03-15 10:43:46'
System info: host: 'ICPL11493', ip: '10.11.31.109', os.name: 'Windows 8', os.arch: 'amd64', os.version: '6.2', java.version: '1.8.0_111'
Driver info: com.qmetry.qaf.automation.ui.webdriver.QAFExtendedWebDriver
Capabilities [{appPackage=com.amazon.mShop.android, reportPdfUrl=https://partners.reporting.perfectomobile.com/export/api/v1/test-executions/pdf?externalId[0]=is_user2@infostretch.com_RemoteWebDriver_17-08-07_07_46_08_6586&_timestamp[0]=1502091968743, deviceName=632E9899, platform=ANY, password=, driverClass=io.appium.java_client.android.AndroidDriver, automationName=Appium, host=partners.perfectomobile.com, singleTestReportUrl=https://partners.reporting.perfectomobile.com?externalId[0]=is_user2@infostretch.com_RemoteWebDriver_17-08-07_07_46_08_6586&_timestamp[0]=1502091968743, takesScreenshot=true, javascriptEnabled=true, platformName=Android, applicationName=Amazon, rotatable=true, testGridReportUrl=https://partners.reporting.perfectomobile.com?externalId[0]=is_user2@infostretch.com_RemoteWebDriver_17-08-07_07_46_08_6586&_timestamp[0]=1502091968743, entityType=appium_driver, serverConnector=, securityToken=, executionId=is_user2@infostretch.com_RemoteWebDriver_17-08-07_07_46_08_6586, webdriver.remote.sessionid=ccbb9c7f-0ec6-48e2-8372-75b15743e629, autoLaunch=true, locationContextEnabled=true, scriptName=RemoteWebDriver, reportKey=is_user2@infostretch.com_RemoteWebDriver_17-08-07_07_46_08_6586, windTunnelReportUrl=https://partners.reporting.perfectomobile.com?externalId[0]=is_user2@infostretch.com_RemoteWebDriver_17-08-07_07_46_08_6586&_timestamp[0]=1502091968743, user=, cssSelectorsEnabled=true, autoAcceptAlerts=true}]
Session ID: ccbb9c7f-0ec6-48e2-8372-75b15743e629
	at .When user enter preoduct name to search box(scenarios/suite1.bdd:7)
	at org.openqa.selenium.remote.ErrorHandler.createThrowable(ErrorHandler.java:206)
	at org.openqa.selenium.remote.ErrorHandler.throwIfResponseFailed(ErrorHandler.java:158)
	at org.openqa.selenium.remote.RemoteWebDriver.execute(RemoteWebDriver.java:678)
	at com.qmetry.qaf.automation.ui.webdriver.QAFExtendedWebDriver.executeWitoutLog(QAFExtendedWebDriver.java:256)
	at com.qmetry.qaf.automation.ui.webdriver.QAFExtendedWebElement.execute(QAFExtendedWebElement.java:252)
	at org.openqa.selenium.remote.RemoteWebElement.sendKeys(RemoteWebElement.java:122)
	at com.perfecto.sample.steps.StepsBackLog.enter_preoduct_name_to_search_box_aroundBody2(StepsBackLog.java:35)
	at com.qmetry.qaf.automation.step.JavaStepReporter.javaTestStep(JavaStepReporter.java:101)
	at com.perfecto.sample.steps.StepsBackLog.enter_preoduct_name_to_search_box(StepsBackLog.java:33)
	at com.qmetry.qaf.automation.step.JavaStep.doExecute(JavaStep.java:160)
	at com.qmetry.qaf.automation.step.BaseTestStep.execute(BaseTestStep.java:149)
	at com.qmetry.qaf.automation.step.StringTestStep.execute(StringTestStep.java:134)
	at com.qmetry.qaf.automation.step.client.Scenario.execute(Scenario.java:167)
	at com.qmetry.qaf.automation.step.client.Scenario.scenario(Scenario.java:219)
Caused by: java.lang.RuntimeException: Failed to execute command application.element set: setElementValue command failed. Reason: handset server: element not found
	at com.perfectomobile.selenium.MobileEntity.processCommonResponse(MobileEntity.java:102)
	at com.perfectomobile.selenium.MobileDevice.processResponse(MobileDevice.java:525)
	at com.perfectomobile.selenium.MobileApplication.processResponse(MobileApplication.java:54)
	at com.perfectomobile.selenium.MobileElement.processResponse(MobileElement.java:82)
	at com.perfectomobile.selenium.MobileEntity.executeCommand(MobileEntity.java:57)
	at com.perfectomobile.selenium.MobileElement.sendKeys(MobileElement.java:187)
	at com.perfectomobile.selenium.MobileElement.sendKeys(MobileElement.java:153)
	at sun.reflect.GeneratedMethodAccessor4646.invoke(Unknown Source)
	at sun.reflect.DelegatingMethodAccessorImpl.invoke(DelegatingMethodAccessorImpl.java:43)
	at java.lang.reflect.Method.invoke(Method.java:498)
	at org.openqa.selenium.support.events.EventFiringWebDriver$EventFiringWebElement$1.invoke(EventFiringWebDriver.java:334)
	at com.sun.proxy.$Proxy295.sendKeys(Unknown Source)
	at org.openqa.selenium.support.events.EventFiringWebDriver$EventFiringWebElement.sendKeys(EventFiringWebDriver.java:357)
	at sun.reflect.GeneratedMethodAccessor4646.invoke(Unknown Source)
	at sun.reflect.DelegatingMethodAccessorImpl.invoke(DelegatingMethodAccessorImpl.java:43)
	at java.lang.reflect.Method.invoke(Method.java:498)
	at org.openqa.selenium.remote.server.KnownElements$1.invoke(KnownElements.java:64)
	at com.sun.proxy.$Proxy296.sendKeys(Unknown Source)
	at org.openqa.selenium.remote.server.handler.SendKeys.call(SendKeys.java:50)
	at org.openqa.selenium.remote.server.handler.SendKeys.call(SendKeys.java:29)
	at java.util.concurrent.FutureTask.run(FutureTask.java:266)
	at org.openqa.selenium.remote.server.MobileDefaultSession$1.run(MobileDefaultSession.java:188)
	at java.util.concurrent.ThreadPoolExecutor.runWorker(ThreadPoolExecutor.java:1142)
	at java.util.concurrent.ThreadPoolExecutor$Worker.run(ThreadPoolExecutor.java:617)
	at java.lang.Thread.run(Thread.java:745)
]]>
    </error>
  </testcase> <!-- SampleTest -->
</testsuite> <!-- com.qmetry.qaf.automation.step.client.Scenario -->
