<?xml version="1.0" encoding="UTF-8"?>
<!-- Generated by org.testng.reporters.JUnitReportReporter -->
<testsuite name="com.qmetry.qaf.automation.step.client.Scenario" tests="1" time="36.412" ignored="0" failures="0" timestamp="07 Aug 2017 13:14:45 GMT" skipped="0" hostname="ICPL11493" errors="0">
  <testcase name="SampleTest" time="36.412" classname="com.qmetry.qaf.automation.step.client.Scenario"/>
</testsuite> <!-- com.qmetry.qaf.automation.step.client.Scenario -->
