<?xml version="1.0" encoding="UTF-8"?>
<!-- Generated by org.testng.reporters.JUnitReportReporter -->
<testsuite name="com.qmetry.qaf.automation.step.client.Scenario" tests="1" time="70.032" ignored="0" failures="0" timestamp="08 Aug 2017 12:27:24 GMT" skipped="0" hostname="ICPL11493" errors="0">
  <testcase name="SampleTest" time="70.032" classname="com.qmetry.qaf.automation.step.client.Scenario"/>
</testsuite> <!-- com.qmetry.qaf.automation.step.client.Scenario -->
