<?xml version="1.0" encoding="UTF-8"?>
<!-- Generated by org.testng.reporters.JUnitReportReporter -->
<testsuite name="com.qmetry.qaf.automation.step.client.Scenario" tests="1" time="61.896" ignored="0" failures="0" timestamp="08 Aug 2017 05:22:03 GMT" skipped="0" hostname="ICPL11493" errors="1">
  <testcase name="SampleTest" time="61.896" classname="com.qmetry.qaf.automation.step.client.Scenario">
    <error type="org.openqa.selenium.TimeoutException" message="Timed out after 30 seconds: Wait timeout for list of xpath=//android.widget.LinearLayout/android.widget.RelativeLayout/android.widget.TextView with size 1
Build info: version: &#039;2.53.0&#039;, revision: &#039;35ae25b1534ae328c771e0856c93e187490ca824&#039;, time: &#039;2016-03-15 10:43:46&#039;
System info: host: &#039;ICPL11493&#039;, ip: &#039;10.11.31.109&#039;, os.name: &#039;Windows 8&#039;, os.arch: &#039;amd64&#039;, os.version: &#039;6.2&#039;, java.version: &#039;1.8.0_111&#039;
Driver info: driver.version: unknown">
      <![CDATA[org.openqa.selenium.TimeoutException: Timed out after 30 seconds: Wait timeout for list of xpath=//android.widget.LinearLayout/android.widget.RelativeLayout/android.widget.TextView with size 1
Build info: version: '2.53.0', revision: '35ae25b1534ae328c771e0856c93e187490ca824', time: '2016-03-15 10:43:46'
System info: host: 'ICPL11493', ip: '10.11.31.109', os.name: 'Windows 8', os.arch: 'amd64', os.version: '6.2', java.version: '1.8.0_111'
Driver info: driver.version: unknown
	at .And user able to see all the list of mobiles(scenarios/suite1.bdd:8)
	at org.openqa.selenium.support.ui.FluentWait.timeoutException(FluentWait.java:292)
	at org.openqa.selenium.support.ui.FluentWait.until(FluentWait.java:261)
	at com.qmetry.qaf.automation.ui.webdriver.ComponentListHandler.invoke(ComponentListHandler.java:83)
	at com.sun.proxy.$Proxy27.get(Unknown Source)
	at com.perfecto.sample.steps.StepsBackLog.list_of_mobiles_aroundBody4(StepsBackLog.java:51)
	at com.qmetry.qaf.automation.step.JavaStepReporter.javaTestStep(JavaStepReporter.java:101)
	at com.perfecto.sample.steps.StepsBackLog.list_of_mobiles(StepsBackLog.java:49)
	at com.qmetry.qaf.automation.step.JavaStep.doExecute(JavaStep.java:160)
	at com.qmetry.qaf.automation.step.BaseTestStep.execute(BaseTestStep.java:149)
	at com.qmetry.qaf.automation.step.StringTestStep.execute(StringTestStep.java:134)
	at com.qmetry.qaf.automation.step.client.Scenario.execute(Scenario.java:167)
	at com.qmetry.qaf.automation.step.client.Scenario.scenario(Scenario.java:219)
]]>
    </error>
  </testcase> <!-- SampleTest -->
</testsuite> <!-- com.qmetry.qaf.automation.step.client.Scenario -->
